# JRE version: OpenJDK Runtime Environment (11.0.10) (build 11.0.10+0-b96-7249189)
# Java VM: OpenJDK 64-Bit Server VM (11.0.10+0-b96-7249189, mixed mode, tiered, compressed oops, g1 gc, windows-amd64)
Heap:
 garbage-first heap   total 262144K, used 105288K [0x0000000080000000, 0x0000000100000000)
  region size 1024K, 35 young (35840K), 15 survivors (15360K)
 Metaspace       used 80950K, capacity 83275K, committed 83532K, reserved 1122304K
  class space    used 10541K, capacity 11346K, committed 11392K, reserved 1048576K
GC Heap History (18 events):
Event: 0.510 GC heap before
{Heap before GC invocations=0 (full 0):
 garbage-first heap   total 262144K, used 29696K [0x0000000080000000, 0x0000000100000000)
  region size 1024K, 24 young (24576K), 0 survivors (0K)
 Metaspace       used 9889K, capacity 10054K, committed 10112K, reserved 1058816K
  class space    used 1022K, capacity 1102K, committed 1152K, reserved 1048576K
}
Event: 0.513 GC heap after
{Heap after GC invocations=1 (full 0):
 garbage-first heap   total 262144K, used 9101K [0x0000000080000000, 0x0000000100000000)
  region size 1024K, 3 young (3072K), 3 survivors (3072K)
 Metaspace       used 9889K, capacity 10054K, committed 10112K, reserved 1058816K
  class space    used 1022K, capacity 1102K, committed 1152K, reserved 1048576K
}
Event: 1.466 GC heap before
{Heap before GC invocations=1 (full 0):
 garbage-first heap   total 262144K, used 104333K [0x0000000080000000, 0x0000000100000000)
  region size 1024K, 97 young (99328K), 3 survivors (3072K)
 Metaspace       used 20586K, capacity 21089K, committed 21248K, reserved 1067008K
  class space    used 2507K, capacity 2699K, committed 2816K, reserved 1048576K
}
Event: 1.472 GC heap after
{Heap after GC invocations=2 (full 0):
 garbage-first heap   total 262144K, used 16262K [0x0000000080000000, 0x0000000100000000)
  region size 1024K, 10 young (10240K), 10 survivors (10240K)
 Metaspace       used 20586K, capacity 21089K, committed 21248K, reserved 1067008K
  class space    used 2507K, capacity 2699K, committed 2816K, reserved 1048576K
}
Event: 1.774 GC heap before
{Heap before GC invocations=3 (full 0):
 garbage-first heap   total 262144K, used 59270K [0x0000000080000000, 0x0000000100000000)
  region size 1024K, 52 young (53248K), 10 survivors (10240K)
 Metaspace       used 25101K, capacity 25702K, committed 25728K, reserved 1071104K
  class space    used 3245K, capacity 3432K, committed 3456K, reserved 1048576K
}
Event: 1.778 GC heap after
{Heap after GC invocations=4 (full 0):
 garbage-first heap   total 262144K, used 18092K [0x0000000080000000, 0x0000000100000000)
  region size 1024K, 3 young (3072K), 3 survivors (3072K)
 Metaspace       used 25101K, capacity 25702K, committed 25728K, reserved 1071104K
  class space    used 3245K, capacity 3432K, committed 3456K, reserved 1048576K
}
Event: 2.485 GC heap before
{Heap before GC invocations=4 (full 0):
 garbage-first heap   total 262144K, used 102060K [0x0000000080000000, 0x0000000100000000)
  region size 1024K, 76 young (77824K), 3 survivors (3072K)
 Metaspace       used 34775K, capacity 35739K, committed 35840K, reserved 1081344K
  class space    used 4529K, capacity 4861K, committed 4864K, reserved 1048576K
}
Event: 2.491 GC heap after
{Heap after GC invocations=5 (full 0):
 garbage-first heap   total 262144K, used 34242K [0x0000000080000000, 0x0000000100000000)
  region size 1024K, 8 young (8192K), 8 survivors (8192K)
 Metaspace       used 34775K, capacity 35739K, committed 35840K, reserved 1081344K
  class space    used 4529K, capacity 4861K, committed 4864K, reserved 1048576K
}
Event: 3.205 GC heap before
{Heap before GC invocations=6 (full 0):
 garbage-first heap   total 262144K, used 146882K [0x0000000080000000, 0x0000000100000000)
  region size 1024K, 107 young (109568K), 8 survivors (8192K)
 Metaspace       used 44063K, capacity 45373K, committed 45644K, reserved 1089536K
  class space    used 5522K, capacity 5974K, committed 6016K, reserved 1048576K
}
Event: 3.211 GC heap after
{Heap after GC invocations=7 (full 0):
 garbage-first heap   total 262144K, used 50948K [0x0000000080000000, 0x0000000100000000)
  region size 1024K, 14 young (14336K), 14 survivors (14336K)
 Metaspace       used 44063K, capacity 45373K, committed 45644K, reserved 1089536K
  class space    used 5522K, capacity 5974K, committed 6016K, reserved 1048576K
}
Event: 3.999 GC heap before
{Heap before GC invocations=7 (full 0):
 garbage-first heap   total 262144K, used 160516K [0x0000000080000000, 0x0000000100000000)
  region size 1024K, 121 young (123904K), 14 survivors (14336K)
 Metaspace       used 52780K, capacity 54325K, committed 54348K, reserved 1095680K
  class space    used 6821K, capacity 7294K, committed 7296K, reserved 1048576K
}
Event: 4.006 GC heap after
{Heap after GC invocations=8 (full 0):
 garbage-first heap   total 262144K, used 58112K [0x0000000080000000, 0x0000000100000000)
  region size 1024K, 15 young (15360K), 15 survivors (15360K)
 Metaspace       used 52780K, capacity 54325K, committed 54348K, reserved 1095680K
  class space    used 6821K, capacity 7294K, committed 7296K, reserved 1048576K
}
Event: 5.033 GC heap before
{Heap before GC invocations=8 (full 0):
 garbage-first heap   total 262144K, used 151296K [0x0000000080000000, 0x0000000100000000)
  region size 1024K, 104 young (106496K), 15 survivors (15360K)
 Metaspace       used 58328K, capacity 59986K, committed 60236K, reserved 1101824K
  class space    used 7488K, capacity 8053K, committed 8064K, reserved 1048576K
}
Event: 5.047 GC heap after
{Heap after GC invocations=9 (full 0):
 garbage-first heap   total 262144K, used 70493K [0x0000000080000000, 0x0000000100000000)
  region size 1024K, 16 young (16384K), 16 survivors (16384K)
 Metaspace       used 58328K, capacity 59986K, committed 60236K, reserved 1101824K
  class space    used 7488K, capacity 8053K, committed 8064K, reserved 1048576K
}
Event: 6.030 GC heap before
{Heap before GC invocations=10 (full 0):
 garbage-first heap   total 262144K, used 182109K [0x0000000080000000, 0x0000000100000000)
  region size 1024K, 125 young (128000K), 16 survivors (16384K)
 Metaspace       used 70528K, capacity 72489K, committed 72652K, reserved 1112064K
  class space    used 9013K, capacity 9668K, committed 9728K, reserved 1048576K
}
Event: 6.038 GC heap after
{Heap after GC invocations=11 (full 0):
 garbage-first heap   total 262144K, used 78415K [0x0000000080000000, 0x0000000100000000)
  region size 1024K, 16 young (16384K), 16 survivors (16384K)
 Metaspace       used 70528K, capacity 72489K, committed 72652K, reserved 1112064K
  class space    used 9013K, capacity 9668K, committed 9728K, reserved 1048576K
}
Event: 6.983 GC heap before
{Heap before GC invocations=11 (full 0):
 garbage-first heap   total 262144K, used 194127K [0x0000000080000000, 0x0000000100000000)
  region size 1024K, 129 young (132096K), 16 survivors (16384K)
 Metaspace       used 80187K, capacity 82530K, committed 82636K, reserved 1120256K
  class space    used 10435K, capacity 11190K, committed 11264K, reserved 1048576K
}
Event: 6.990 GC heap after
{Heap after GC invocations=12 (full 0):
 garbage-first heap   total 262144K, used 85832K [0x0000000080000000, 0x0000000100000000)
  region size 1024K, 15 young (15360K), 15 survivors (15360K)
 Metaspace       used 80187K, capacity 82530K, committed 82636K, reserved 1120256K
  class space    used 10435K, capacity 11190K, committed 11264K, reserved 1048576K
}

